<?xml version="1.0" encoding="UTF-8"?>
<testsuite name="CoffeeMachineTest" tests="1" skipped="0" failures="0" errors="0" timestamp="2021-11-09T16:42:56" hostname="p42macbook" time="0.333">
  <properties/>
  <testcase name="start" classname="CoffeeMachineTest" time="0.333"/>
  <system-out><![CDATA[?[1;31m
Start test 1?[0m

Write action (buy, fill, take, remaining, exit):
> remaining


The coffee machine has:
400 ml of water
540 ml of milk
120 g of coffee beans
9 disposable cups
$550 of money


Write action (buy, fill, take, remaining, exit):
> buy

What do you want to buy? 1 - espresso, 2 - latte, 3 - cappuccino, back - to main menu:
> 2
I have enough resources, making you a coffee!

Write action (buy, fill, take, remaining, exit):

Wrong action!

Write action (buy, fill, take, remaining, exit):
> buy

What do you want to buy? 1 - espresso, 2 - latte, 3 - cappuccino, back - to main menu:
> 2
Sorry, not enough water!

Write action (buy, fill, take, remaining, exit):

Wrong action!

Write action (buy, fill, take, remaining, exit):
> fill

Write how many ml of water you want to add:
> 1000
Write how many ml of milk you want to add:
> 0
Write how many grams of coffee beans you want to add:
> 0
Write how many disposable cups of coffee you want to add:
> 0

Write action (buy, fill, take, remaining, exit):

Wrong action!

Write action (buy, fill, take, remaining, exit):
> buy

What do you want to buy? 1 - espresso, 2 - latte, 3 - cappuccino, back - to main menu:
> 2
I have enough resources, making you a coffee!

Write action (buy, fill, take, remaining, exit):

Wrong action!

Write action (buy, fill, take, remaining, exit):
> take
I gave you $564

Write action (buy, fill, take, remaining, exit):
> remaining


The coffee machine has:
700 ml of water
390 ml of milk
80 g of coffee beans
7 disposable cups
$0 of money


Write action (buy, fill, take, remaining, exit):
> exit
?[1;31m
Start test 2?[0m

Write action (buy, fill, take, remaining, exit):
> remaining


The coffee machine has:
400 ml of water
540 ml of milk
120 g of coffee beans
9 disposable cups
$550 of money


Write action (buy, fill, take, remaining, exit):
> fill

Write how many ml of water you want to add:
> 3000
Write how many ml of milk you want to add:
> 3000
Write how many grams of coffee beans you want to add:
> 3000
Write how many disposable cups of coffee you want to add:
> 3000

Write action (buy, fill, take, remaining, exit):

Wrong action!

Write action (buy, fill, take, remaining, exit):
> remaining


The coffee machine has:
3400 ml of water
3540 ml of milk
3120 g of coffee beans
3009 disposable cups
$550 of money


Write action (buy, fill, take, remaining, exit):
> exit
?[1;31m
Start test 3?[0m

Write action (buy, fill, take, remaining, exit):
> remaining


The coffee machine has:
400 ml of water
540 ml of milk
120 g of coffee beans
9 disposable cups
$550 of money


Write action (buy, fill, take, remaining, exit):
> buy

What do you want to buy? 1 - espresso, 2 - latte, 3 - cappuccino, back - to main menu:
> 1
I have enough resources, making you a coffee!

Write action (buy, fill, take, remaining, exit):

Wrong action!

Write action (buy, fill, take, remaining, exit):
> remaining


The coffee machine has:
150 ml of water
540 ml of milk
104 g of coffee beans
8 disposable cups
$554 of money


Write action (buy, fill, take, remaining, exit):
> exit
?[1;31m
Start test 4?[0m

Write action (buy, fill, take, remaining, exit):
> remaining


The coffee machine has:
400 ml of water
540 ml of milk
120 g of coffee beans
9 disposable cups
$550 of money


Write action (buy, fill, take, remaining, exit):
> buy

What do you want to buy? 1 - espresso, 2 - latte, 3 - cappuccino, back - to main menu:
> 2
I have enough resources, making you a coffee!

Write action (buy, fill, take, remaining, exit):

Wrong action!

Write action (buy, fill, take, remaining, exit):
> remaining


The coffee machine has:
50 ml of water
465 ml of milk
100 g of coffee beans
8 disposable cups
$557 of money


Write action (buy, fill, take, remaining, exit):
> exit
?[1;31m
Start test 5?[0m

Write action (buy, fill, take, remaining, exit):
> remaining


The coffee machine has:
400 ml of water
540 ml of milk
120 g of coffee beans
9 disposable cups
$550 of money


Write action (buy, fill, take, remaining, exit):
> buy

What do you want to buy? 1 - espresso, 2 - latte, 3 - cappuccino, back - to main menu:
> 3
I have enough resources, making you a coffee!

Write action (buy, fill, take, remaining, exit):

Wrong action!

Write action (buy, fill, take, remaining, exit):
> remaining


The coffee machine has:
200 ml of water
440 ml of milk
108 g of coffee beans
8 disposable cups
$556 of money


Write action (buy, fill, take, remaining, exit):
> exit
?[1;31m
Start test 6?[0m

Write action (buy, fill, take, remaining, exit):
> remaining


The coffee machine has:
400 ml of water
540 ml of milk
120 g of coffee beans
9 disposable cups
$550 of money


Write action (buy, fill, take, remaining, exit):
> take
I gave you $550

Write action (buy, fill, take, remaining, exit):
> remaining


The coffee machine has:
400 ml of water
540 ml of milk
120 g of coffee beans
9 disposable cups
$0 of money


Write action (buy, fill, take, remaining, exit):
> exit
?[1;31m
Start test 7?[0m

Write action (buy, fill, take, remaining, exit):
> remaining


The coffee machine has:
400 ml of water
540 ml of milk
120 g of coffee beans
9 disposable cups
$550 of money


Write action (buy, fill, take, remaining, exit):
> buy

What do you want to buy? 1 - espresso, 2 - latte, 3 - cappuccino, back - to main menu:
> back
Something went wrong!

Write action (buy, fill, take, remaining, exit):

Wrong action!

Write action (buy, fill, take, remaining, exit):
> remaining


The coffee machine has:
400 ml of water
540 ml of milk
120 g of coffee beans
9 disposable cups
$550 of money


Write action (buy, fill, take, remaining, exit):
> exit
]]></system-out>
  <system-err><![CDATA[java.util.InputMismatchException
	at java.base/java.util.Scanner.throwFor(Scanner.java:939)
	at java.base/java.util.Scanner.next(Scanner.java:1594)
	at java.base/java.util.Scanner.nextInt(Scanner.java:2258)
	at java.base/java.util.Scanner.nextInt(Scanner.java:2212)
	at machine.CoffeeMachine.purchase(CoffeeMachine.java:80)
	at machine.CoffeeMachine.main(CoffeeMachine.java:39)
	at java.base/jdk.internal.reflect.NativeMethodAccessorImpl.invoke0(Native Method)
	at java.base/jdk.internal.reflect.NativeMethodAccessorImpl.invoke(NativeMethodAccessorImpl.java:77)
	at java.base/jdk.internal.reflect.DelegatingMethodAccessorImpl.invoke(DelegatingMethodAccessorImpl.java:43)
	at java.base/java.lang.reflect.Method.invoke(Method.java:568)
	at org.hyperskill.hstest.testing.execution.MainMethodExecutor.invokeMain(MainMethodExecutor.java:172)
	at org.hyperskill.hstest.testing.execution.MainMethodExecutor.lambda$launch$0(MainMethodExecutor.java:199)
	at java.base/java.util.concurrent.Executors$RunnableAdapter.call(Executors.java:539)
	at java.base/java.util.concurrent.FutureTask.run(FutureTask.java:264)
	at java.base/java.util.concurrent.ThreadPoolExecutor.runWorker(ThreadPoolExecutor.java:1136)
	at java.base/java.util.concurrent.ThreadPoolExecutor$Worker.run(ThreadPoolExecutor.java:635)
	at java.base/java.lang.Thread.run(Thread.java:833)
]]></system-err>
</testsuite>
